<?xml version="1.0" encoding="utf-8"?><testsuites name="pytest tests"><testsuite name="pytest" errors="0" failures="0" skipped="0" tests="6" time="1.788" timestamp="2026-05-30T14:35:12.356144+00:00" hostname="agent-env-e2e20265-9e46-44d2-97e3-b7992e88a34c"><testcase classname="tests.test_auth" name="test_signup_creates_user" time="0.496" /><testcase classname="tests.test_auth" name="test_signup_duplicate_email_returns_400" time="0.343" /><testcase classname="tests.test_auth" name="test_login_success" time="0.548" /><testcase classname="tests.test_auth" name="test_login_wrong_password_returns_401" time="0.272" /><testcase classname="tests.test_auth" name="test_me_with_token" time="0.060" /><testcase classname="tests.test_auth" name="test_me_without_token_returns_401" time="0.049" /></testsuite></testsuites>