<?xml version="1.0" encoding="utf-8"?><testsuites name="pytest tests"><testsuite name="pytest" errors="0" failures="0" skipped="0" tests="8" time="56.438" timestamp="2026-05-30T14:35:17.970075+00:00" hostname="agent-env-e2e20265-9e46-44d2-97e3-b7992e88a34c"><testcase classname="tests.test_projects_and_design" name="test_unauthenticated_endpoints_return_401" time="0.464" /><testcase classname="tests.test_projects_and_design" name="test_empty_projects_list" time="0.350" /><testcase classname="tests.test_projects_and_design" name="test_design_generate" time="42.396" /><testcase classname="tests.test_projects_and_design" name="test_create_and_get_project" time="0.582" /><testcase classname="tests.test_projects_and_design" name="test_rename_project" time="0.232" /><testcase classname="tests.test_projects_and_design" name="test_vastu_analyze" time="12.088" /><testcase classname="tests.test_projects_and_design" name="test_vastu_analyze_invalid_id" time="0.105" /><testcase classname="tests.test_projects_and_design" name="test_delete_project" time="0.181" /></testsuite></testsuites>